[debug] [2023-12-03T18:17:34.390Z] ----------------------------------------------------------------------
[debug] [2023-12-03T18:17:34.392Z] Command:       /usr/bin/node /usr/bin/firebase deploy
[debug] [2023-12-03T18:17:34.392Z] CLI Version:   12.9.1
[debug] [2023-12-03T18:17:34.393Z] Platform:      linux
[debug] [2023-12-03T18:17:34.393Z] Node Version:  v18.17.1
[debug] [2023-12-03T18:17:34.393Z] Time:          Sun Dec 03 2023 13:17:34 GMT-0500 (Colombia Standard Time)
[debug] [2023-12-03T18:17:34.394Z] ----------------------------------------------------------------------
[debug] 
[debug] [2023-12-03T18:17:34.463Z] > command requires scopes: ["email","openid","https://www.googleapis.com/auth/cloudplatformprojects.readonly","https://www.googleapis.com/auth/firebase","https://www.googleapis.com/auth/cloud-platform"]
[debug] [2023-12-03T18:17:34.464Z] > authorizing via signed-in user (genitor06@gmail.com)
[debug] [2023-12-03T18:17:34.464Z] [iam] checking project bart-a5d40 for permissions ["cloudfunctions.functions.create","cloudfunctions.functions.delete","cloudfunctions.functions.get","cloudfunctions.functions.list","cloudfunctions.functions.update","cloudfunctions.operations.get","datastore.indexes.create","datastore.indexes.delete","datastore.indexes.list","datastore.indexes.update","firebase.projects.get","firebasehosting.sites.update"]
[debug] [2023-12-03T18:17:34.466Z] >>> [apiv2][query] POST https://cloudresourcemanager.googleapis.com/v1/projects/bart-a5d40:testIamPermissions [none]
[debug] [2023-12-03T18:17:34.466Z] >>> [apiv2][(partial)header] POST https://cloudresourcemanager.googleapis.com/v1/projects/bart-a5d40:testIamPermissions x-goog-quota-user=projects/bart-a5d40
[debug] [2023-12-03T18:17:34.466Z] >>> [apiv2][body] POST https://cloudresourcemanager.googleapis.com/v1/projects/bart-a5d40:testIamPermissions {"permissions":["cloudfunctions.functions.create","cloudfunctions.functions.delete","cloudfunctions.functions.get","cloudfunctions.functions.list","cloudfunctions.functions.update","cloudfunctions.operations.get","datastore.indexes.create","datastore.indexes.delete","datastore.indexes.list","datastore.indexes.update","firebase.projects.get","firebasehosting.sites.update"]}
[debug] [2023-12-03T18:17:34.553Z] *** [apiv2] error from fetch(https://cloudresourcemanager.googleapis.com/v1/projects/bart-a5d40:testIamPermissions, {"headers":{},"method":"POST","body":"{\"permissions\":[\"cloudfunctions.functions.create\",\"cloudfunctions.functions.delete\",\"cloudfunctions.functions.get\",\"cloudfunctions.functions.list\",\"cloudfunctions.functions.update\",\"cloudfunctions.operations.get\",\"datastore.indexes.create\",\"datastore.indexes.delete\",\"datastore.indexes.list\",\"datastore.indexes.update\",\"firebase.projects.get\",\"firebasehosting.sites.update\"]}"}): FetchError: request to https://cloudresourcemanager.googleapis.com/v1/projects/bart-a5d40:testIamPermissions failed, reason: getaddrinfo ENOTFOUND cloudresourcemanager.googleapis.com
[debug] [2023-12-03T18:17:34.554Z] [iam] error while checking permissions, command may fail: FirebaseError: Failed to make request to https://cloudresourcemanager.googleapis.com/v1/projects/bart-a5d40:testIamPermissions
[debug] [2023-12-03T18:17:34.554Z] >>> [apiv2][query] POST https://iam.googleapis.com/v1/projects/bart-a5d40/serviceAccounts/bart-a5d40@appspot.gserviceaccount.com:testIamPermissions [none]
[debug] [2023-12-03T18:17:34.554Z] >>> [apiv2][body] POST https://iam.googleapis.com/v1/projects/bart-a5d40/serviceAccounts/bart-a5d40@appspot.gserviceaccount.com:testIamPermissions {"permissions":["iam.serviceAccounts.actAs"]}
[debug] [2023-12-03T18:17:34.559Z] *** [apiv2] error from fetch(https://iam.googleapis.com/v1/projects/bart-a5d40/serviceAccounts/bart-a5d40@appspot.gserviceaccount.com:testIamPermissions, {"headers":{},"method":"POST","body":"{\"permissions\":[\"iam.serviceAccounts.actAs\"]}"}): FetchError: request to https://iam.googleapis.com/v1/projects/bart-a5d40/serviceAccounts/bart-a5d40@appspot.gserviceaccount.com:testIamPermissions failed, reason: getaddrinfo ENOTFOUND iam.googleapis.com
[debug] [2023-12-03T18:17:34.559Z] [functions] service account IAM check errored, deploy may fail: Failed to make request to https://iam.googleapis.com/v1/projects/bart-a5d40/serviceAccounts/bart-a5d40@appspot.gserviceaccount.com:testIamPermissions {"name":"FirebaseError","children":[],"exit":1,"message":"Failed to make request to https://iam.googleapis.com/v1/projects/bart-a5d40/serviceAccounts/bart-a5d40@appspot.gserviceaccount.com:testIamPermissions","original":{"message":"request to https://iam.googleapis.com/v1/projects/bart-a5d40/serviceAccounts/bart-a5d40@appspot.gserviceaccount.com:testIamPermissions failed, reason: getaddrinfo ENOTFOUND iam.googleapis.com","type":"system","errno":"ENOTFOUND","code":"ENOTFOUND"},"status":500}
[debug] [2023-12-03T18:17:34.560Z] >>> [apiv2][query] GET https://firebase.googleapis.com/v1beta1/projects/bart-a5d40 [none]
[debug] [2023-12-03T18:17:34.563Z] *** [apiv2] error from fetch(https://firebase.googleapis.com/v1beta1/projects/bart-a5d40, {"headers":{},"method":"GET","signal":{}}): FetchError: request to https://firebase.googleapis.com/v1beta1/projects/bart-a5d40 failed, reason: getaddrinfo ENOTFOUND firebase.googleapis.com
[debug] [2023-12-03T18:17:34.563Z] Failed to make request to https://firebase.googleapis.com/v1beta1/projects/bart-a5d40 (original: request to https://firebase.googleapis.com/v1beta1/projects/bart-a5d40 failed, reason: getaddrinfo ENOTFOUND firebase.googleapis.com)
[error] 
[error] Error: Assertion failed: resolving hosting target of a site with no site name or target name. This should have caused an error earlier
